<?xml version="1.0" encoding="UTF-8"?>
<testng-results ignored="0" total="1" passed="1" failed="0" skipped="0">
  <reporter-output>
  </reporter-output>
  <suite started-at="2025-07-09T23:21:31 IST" name="Default suite" finished-at="2025-07-09T23:21:33 IST" duration-ms="2421">
    <groups>
    </groups>
    <test started-at="2025-07-09T23:21:31 IST" name="Default test" finished-at="2025-07-09T23:21:33 IST" duration-ms="2421">
      <class name="chrome.Launch">
        <test-method signature="Test()[pri:0, instance:chrome.Launch@3023df74]" started-at="2025-07-09T23:21:31 IST" name="Test" finished-at="2025-07-09T23:21:33 IST" duration-ms="2384" status="PASS">
          <reporter-output>
          </reporter-output>
        </test-method> <!-- Test -->
      </class> <!-- chrome.Launch -->
    </test> <!-- Default test -->
  </suite> <!-- Default suite -->
</testng-results>
